{
  "uid" : "82524f6cec1e6d8e",
  "name" : "test_failed",
  "fullName" : "pytest_allure.test_allure_feature.TestLogin#test_failed",
  "historyId" : "37027b7dd0680d1c6cbbfb97acb2b813",
  "time" : {
    "start" : 1611720923180,
    "stop" : 1611720923180,
    "duration" : 0
  },
  "description" : "这是一个一直执行失败的测试用例",
  "descriptionHtml" : "<p>这是一个一直执行失败的测试用例</p>\n",
  "status" : "broken",
  "statusMessage" : "FileNotFoundError: [Errno 2] No such file or directory: 'attach.png'",
  "statusTrace" : "self = <test_allure_feature.TestLogin object at 0x0000025F047F5730>\n\n    @allure.severity(allure.severity_level.NORMAL)\n    @allure.story(\"测试失败用例与用例中添加附件\")\n    @allure.link(\"https://www.cnblogs.com/linuxchao/\", name=\"bug链接\")\n    @allure.description(\"这是一个一直执行失败的测试用例\")\n    def test_failed(self):\n        \"\"\"你也可以在这里添加用例的描述信息，但是会被allure.description覆盖\"\"\"\n        try:\n>           assert False\nE           AssertionError: assert False\n\ntest_allure_feature.py:163: AssertionError\n\nDuring handling of the above exception, another exception occurred:\n\nself = <test_allure_feature.TestLogin object at 0x0000025F047F5730>\n\n    @allure.severity(allure.severity_level.NORMAL)\n    @allure.story(\"测试失败用例与用例中添加附件\")\n    @allure.link(\"https://www.cnblogs.com/linuxchao/\", name=\"bug链接\")\n    @allure.description(\"这是一个一直执行失败的测试用例\")\n    def test_failed(self):\n        \"\"\"你也可以在这里添加用例的描述信息，但是会被allure.description覆盖\"\"\"\n        try:\n            assert False\n        except AssertionError as e:\n>           with open(\"attach.png\", \"rb\") as f:\nE           FileNotFoundError: [Errno 2] No such file or directory: 'attach.png'\n\ntest_allure_feature.py:165: FileNotFoundError",
  "flaky" : false,
  "newFailed" : false,
  "beforeStages" : [ ],
  "afterStages" : [ ],
  "labels" : [ {
    "name" : "severity",
    "value" : "normal"
  }, {
    "name" : "story",
    "value" : "测试失败用例与用例中添加附件"
  }, {
    "name" : "feature",
    "value" : "登录模块"
  }, {
    "name" : "parentSuite",
    "value" : "pytest_allure"
  }, {
    "name" : "suite",
    "value" : "test_allure_feature"
  }, {
    "name" : "subSuite",
    "value" : "TestLogin"
  }, {
    "name" : "host",
    "value" : "PC-20200914AAyx"
  }, {
    "name" : "thread",
    "value" : "1668-MainThread"
  }, {
    "name" : "framework",
    "value" : "pytest"
  }, {
    "name" : "language",
    "value" : "cpython3"
  }, {
    "name" : "package",
    "value" : "pytest_allure.test_allure_feature"
  }, {
    "name" : "resultFormat",
    "value" : "allure2"
  } ],
  "parameters" : [ ],
  "links" : [ {
    "name" : "bug链接",
    "url" : "https://www.cnblogs.com/linuxchao/",
    "type" : "link"
  } ],
  "hidden" : false,
  "retry" : false,
  "extra" : {
    "severity" : "normal",
    "retries" : [ ],
    "categories" : [ {
      "name" : "Test defects",
      "matchedStatuses" : [ ],
      "flaky" : false
    } ],
    "tags" : [ ]
  },
  "source" : "82524f6cec1e6d8e.json",
  "parameterValues" : [ ]
}